<?xml version="1.0" encoding="UTF-8"?>
<testsuite name="SILab2Test" tests="2" skipped="0" failures="0" errors="0" timestamp="2023-05-27T15:23:30" hostname="DESKTOP-MA97O13" time="0.055">
  <properties/>
  <testcase name="testMC()" classname="SILab2Test" time="0.052"/>
  <testcase name="testEveryBranch()" classname="SILab2Test" time="0.002"/>
  <system-out><![CDATA[]]></system-out>
  <system-err><![CDATA[]]></system-err>
</testsuite>
